{"I:\\node_web_dev_test2\\index.js":{"path":"I:\\node_web_dev_test2\\index.js","s":{"1":1,"2":0,"3":0,"4":0,"5":0,"6":0,"7":0,"8":0,"9":0,"10":0,"11":0,"12":0,"13":1,"14":0,"15":0,"16":1},"b":{"1":[0,0],"2":[0,0],"3":[0,0],"4":[0,0],"5":[0,0],"6":[0,1]},"f":{"1":0},"fnMap":{"1":{"name":"(anonymous_1)","line":1,"loc":{"start":{"line":1,"column":14},"end":{"line":1,"column":25}}}},"statementMap":{"1":{"start":{"line":1,"column":0},"end":{"line":18,"column":2}},"2":{"start":{"line":2,"column":1},"end":{"line":4,"column":2}},"3":{"start":{"line":3,"column":2},"end":{"line":3,"column":42}},"4":{"start":{"line":5,"column":1},"end":{"line":7,"column":2}},"5":{"start":{"line":6,"column":2},"end":{"line":6,"column":35}},"6":{"start":{"line":8,"column":8},"end":{"line":10,"column":2}},"7":{"start":{"line":9,"column":2},"end":{"line":9,"column":36}},"8":{"start":{"line":11,"column":1},"end":{"line":13,"column":2}},"9":{"start":{"line":12,"column":2},"end":{"line":12,"column":11}},"10":{"start":{"line":14,"column":1},"end":{"line":16,"column":2}},"11":{"start":{"line":15,"column":2},"end":{"line":15,"column":11}},"12":{"start":{"line":17,"column":1},"end":{"line":17,"column":38}},"13":{"start":{"line":20,"column":0},"end":{"line":25,"column":1}},"14":{"start":{"line":23,"column":1},"end":{"line":23,"column":31}},"15":{"start":{"line":24,"column":1},"end":{"line":24,"column":49}},"16":{"start":{"line":27,"column":0},"end":{"line":27,"column":28}}},"branchMap":{"1":{"line":2,"type":"if","locations":[{"start":{"line":2,"column":1},"end":{"line":2,"column":1}},{"start":{"line":2,"column":1},"end":{"line":2,"column":1}}]},"2":{"line":5,"type":"if","locations":[{"start":{"line":5,"column":1},"end":{"line":5,"column":1}},{"start":{"line":5,"column":1},"end":{"line":5,"column":1}}]},"3":{"line":8,"type":"if","locations":[{"start":{"line":8,"column":8},"end":{"line":8,"column":8}},{"start":{"line":8,"column":8},"end":{"line":8,"column":8}}]},"4":{"line":11,"type":"if","locations":[{"start":{"line":11,"column":1},"end":{"line":11,"column":1}},{"start":{"line":11,"column":1},"end":{"line":11,"column":1}}]},"5":{"line":14,"type":"if","locations":[{"start":{"line":14,"column":1},"end":{"line":14,"column":1}},{"start":{"line":14,"column":1},"end":{"line":14,"column":1}}]},"6":{"line":20,"type":"if","locations":[{"start":{"line":20,"column":0},"end":{"line":20,"column":0}},{"start":{"line":20,"column":0},"end":{"line":20,"column":0}}]}}}}